<?xml version="1.0" encoding="UTF-8"?>
<!-- Generated by org.testng.reporters.JUnitXMLReporter -->
<testsuite hostname="DESKTOP-L2RJAAD" ignored="0" name="Free CRM Test Cases" tests="9" failures="0" timestamp="2020-04-15T18:20:04 EDT" time="95.15" errors="0">
  <testcase name="loginPageTitleTest" time="1.038" classname="com.crm.qa.testcases.LoginPageTest"/>
  <testcase name="crmLogoImageTest" time="0.161" classname="com.crm.qa.testcases.LoginPageTest"/>
  <testcase name="loginTest" time="2.899" classname="com.crm.qa.testcases.LoginPageTest"/>
  <testcase name="verifyHomePageTitleTest" time="0.026" classname="com.crm.qa.testcases.HomePageTest"/>
  <testcase name="verifyUserNameTest" time="0.076" classname="com.crm.qa.testcases.HomePageTest"/>
  <testcase name="verifyContactsLinkTest" time="1.033" classname="com.crm.qa.testcases.HomePageTest"/>
  <testcase name="verifyContactLabelTest" time="1.001" classname="com.crm.qa.testcases.ContactPageTest"/>
  <testcase name="selectContactsByNameTest" time="1.295" classname="com.crm.qa.testcases.ContactPageTest"/>
  <testcase name="selectMultipleContactsByNameTest" time="0.153" classname="com.crm.qa.testcases.ContactPageTest"/>
</testsuite> <!-- Free CRM Test Cases -->
